<?xml version='1.0' encoding='UTF-8'?>
<testsuite hostname="DESKTOP-LTQ74I7" name="Look_Tests" tests="3" errors="0" failures="0" skipped="0" time="0.071" timestamp="2022-01-18T13:22:02">
          <properties>
      <property name="java.specification.version" value="16"/><property name="sun.cpu.isalist" value="amd64"/><property name="sun.jnu.encoding" value="Cp1252"/><property name="sun.arch.data.model" value="64"/><property name="java.vendor.url" value="https://java.oracle.com/"/><property name="sun.boot.library.path" value="C:\Program Files\Java\jdk-16\bin"/><property name="sun.java.command" value="xsbt.boot.Boot test"/><property name="jdk.debug" value="release"/><property name="sun.stderr.encoding" value="cp437"/><property name="java.specification.vendor" value="Oracle Corporation"/><property name="java.version.date" value="2021-03-16"/><property name="java.home" value="C:\Program Files\Java\jdk-16"/><property name="file.separator" value="\"/><property name="java.vm.compressedOopsMode" value="32-bit"/><property name="line.separator" value="
"/><property name="sun.stdout.encoding" value="cp437"/><property name="java.vm.specification.vendor" value="Oracle Corporation"/><property name="java.specification.name" value="Java Platform API Specification"/><property name="user.script" value=""/><property name="sun.management.compiler" value="HotSpot 64-Bit Tiered Compilers"/><property name="java.runtime.version" value="16+36-2231"/><property name="user.name" value="krisd"/><property name="log4j.ignoreTCL" value="true"/><property name="file.encoding" value="UTF-8"/><property name="jnidispatch.path" value="C:\Users\krisd\AppData\Local\Temp\jna-102317491\jna2348829885781769567.dll"/><property name="jna.loaded" value="true"/><property name="java.io.tmpdir" value="C:\Users\krisd\AppData\Local\Temp\"/><property name="java.version" value="16"/><property name="java.vm.specification.name" value="Java Virtual Machine Specification"/><property name="sun.os.patch.level" value=""/><property name="java.library.path" value="C:\Program Files\Java\jdk-16\bin;C:\Windows\Sun\Java\bin;C:\Windows\system32;C:\Windows;C:\Program Files\Common Files\Oracle\Java\javapath;C:\Python39\Scripts\;C:\Python39\;C:\Windows\system32;C:\Windows;C:\Windows\System32\Wbem;C:\Windows\System32\WindowsPowerShell\v1.0\;C:\Windows\System32\OpenSSH\;C:\Program Files\Git\cmd;C:\Program Files (x86)\NVIDIA Corporation\PhysX\Common;C:\Program Files\nodejs\;C:\ProgramData\chocolatey\bin;C:\Program Files\commandline\hasura;C:\Program Files (x86)\Google\Cloud SDK\google-cloud-sdk\bin;C:\Users\krisd\Documents\ZIGLANG;C:\ProgramData\chocolatey\lib\mpv.install\tools;C:\Program Files (x86)\sbt\bin;C:\Program Files\Calibre2\;C:\Users\krisd\Documents\Programming\ZIGLANG\zig;C:\Program Files\Docker\Docker\resources\bin;C:\ProgramData\DockerDesktop\version-bin;C:\Python39\Scripts\;C:\Python39\;C:\Windows\system32;C:\Windows;C:\Windows\System32\Wbem;C:\Windows\System32\WindowsPowerShell\v1.0\;C:\Windows\System32\OpenSSH\;C:\Program Files\Git\cmd;C:\Program Files (x86)\NVIDIA Corporation\PhysX\Common;C:\Program Files\nodejs\;C:\ProgramData\chocolatey\bin;C:\Program Files\commandline\hasura;C:\Program Files\Docker\Docker\resources\bin;C:\ProgramData\DockerDesktop\version-bin;C:\Program Files (x86)\Google\Cloud SDK\google-cloud-sdk\bin;C:\Users\krisd\Documents\ZIGLANG;C:\ProgramData\chocolatey\lib\mpv.install\tools;C:\Users\krisd\AppData\Local\Microsoft\WindowsApps;C:\Users\krisd\AppData\Local\Programs\Microsoft VS Code\bin;C:\Users\krisd\AppData\Roaming\npm;C:\Program Files\commandline\hasura;C:\Users\krisd\AppData\Roaming\cabal\bin;C:\tools\ghc-9.0.1\bin;C:\tools\msys64;C:\Users\krisd\Documents\GameBoyZ80\RGBDS_assembler;C:\Program Files\JetBrains\IntelliJ IDEA Community Edition 2021.1.1\bin;;."/><property name="java.vendor" value="Oracle Corporation"/><property name="scala.ext.dirs" value="C:\Users\krisd\.sbt\1.0\java9-rt-ext-oracle_corporation_16"/><property name="sun.io.unicode.encoding" value="UnicodeLittle"/><property name="java.class.path" value="C:\Program Files (x86)\sbt\\bin\sbt-launch.jar"/><property name="java.vm.vendor" value="Oracle Corporation"/><property name="user.variant" value=""/><property name="jline.shutdownhook" value="false"/><property name="user.timezone" value="Australia/Sydney"/><property name="java.vm.specification.version" value="16"/><property name="os.name" value="Windows 10"/><property name="sun.java.launcher" value="SUN_STANDARD"/><property name="user.country" value="AU"/><property name="sun.cpu.endian" value="little"/><property name="user.home" value="C:\Users\krisd"/><property name="user.language" value="en"/><property name="swoval.tmpdir" value="C:\Users\krisd\.sbt\1.0"/><property name="jline.esc.timeout" value="0"/><property name="path.separator" value=";"/><property name="os.version" value="10.0"/><property name="jna.nosys" value="true"/><property name="java.runtime.name" value="Java(TM) SE Runtime Environment"/><property name="java.vm.name" value="Java HotSpot(TM) 64-Bit Server VM"/><property name="java.vendor.url.bug" value="https://bugreport.java.com/bugreport/"/><property name="user.dir" value="C:\Users\krisd\Documents\Programming\Scala\text-adventure\text-adventure"/><property name="os.arch" value="amd64"/><property name="java.vm.info" value="mixed mode, sharing"/><property name="java.vm.version" value="16+36-2231"/><property name="java.class.version" value="60.0"/>
    </properties>
          <testcase classname="Look_Tests" name="t1" time="0.064">
                      
                    </testcase><testcase classname="Look_Tests" name="t2" time="0.005">
                      
                    </testcase><testcase classname="Look_Tests" name="t3" time="0.002">
                      
                    </testcase>
          <system-out><![CDATA[]]></system-out>
          <system-err><![CDATA[]]></system-err>
        </testsuite>